1662487793293 BREAKPOINT: startQueryTimer on com.mysql.cj.SimpleQuery@32eef325 with com.mysql.cj.NativeSession@4c5cd919 and com.mysql.cj.CancelQueryTaskImpl@efb7e20 || Stack: 
java.base/java.lang.Thread.getStackTrace(Thread.java:1602)
com.mysql.cj.AbstractQuery.startQueryTimer(AbstractQuery.java:213)
com.mysql.cj.jdbc.StatementImpl.startQueryTimer(StatementImpl.java:638)
com.mysql.cj.jdbc.StatementImpl.executeQuery(StatementImpl.java:1150)
org.apache.commons.dbcp2.DelegatingStatement.executeQuery(DelegatingStatement.java:329)
org.apache.commons.dbcp2.DelegatingStatement.executeQuery(DelegatingStatement.java:329)
org.example.db.Dao.count(Dao.java:89)
org.example.Job.run(Job.java:52)
java.base/java.util.concurrent.Executors$RunnableAdapter.call(Executors.java:515)
java.base/java.util.concurrent.FutureTask.run(FutureTask.java:264)
java.base/java.util.concurrent.ScheduledThreadPoolExecutor$ScheduledFutureTask.run(ScheduledThreadPoolExecutor.java:304)
java.base/java.util.concurrent.ThreadPoolExecutor.runWorker(ThreadPoolExecutor.java:1128)
java.base/java.util.concurrent.ThreadPoolExecutor$Worker.run(ThreadPoolExecutor.java:628)
java.base/java.lang.Thread.run(Thread.java:829)

1662487793320 BREAKPOINT: closeQuery on com.mysql.cj.SimpleQuery@32eef325 with com.mysql.cj.NativeSession@4c5cd919 || Stack: 
java.base/java.lang.Thread.getStackTrace(Thread.java:1602)
com.mysql.cj.AbstractQuery.closeQuery(AbstractQuery.java:157)
com.mysql.cj.jdbc.StatementImpl.closeQuery(StatementImpl.java:2182)
com.mysql.cj.jdbc.StatementImpl.realClose(StatementImpl.java:1803)
com.mysql.cj.jdbc.ConnectionImpl.closeAllOpenStatements(ConnectionImpl.java:737)
com.mysql.cj.jdbc.ConnectionImpl.realClose(ConnectionImpl.java:1716)
com.mysql.cj.jdbc.ConnectionImpl.cleanup(ConnectionImpl.java:614)
com.mysql.cj.jdbc.ConnectionImpl.handleCleanup(ConnectionImpl.java:2689)
com.mysql.cj.NativeSession.invokeCleanupListeners(NativeSession.java:816)
com.mysql.cj.NativeSession.execSQL(NativeSession.java:685)
com.mysql.cj.jdbc.StatementImpl.executeQuery(StatementImpl.java:1168)
org.apache.commons.dbcp2.DelegatingStatement.executeQuery(DelegatingStatement.java:329)
org.apache.commons.dbcp2.DelegatingStatement.executeQuery(DelegatingStatement.java:329)
org.example.db.Dao.count(Dao.java:89)
org.example.Job.run(Job.java:52)
java.base/java.util.concurrent.Executors$RunnableAdapter.call(Executors.java:515)
java.base/java.util.concurrent.FutureTask.run(FutureTask.java:264)
java.base/java.util.concurrent.ScheduledThreadPoolExecutor$ScheduledFutureTask.run(ScheduledThreadPoolExecutor.java:304)
java.base/java.util.concurrent.ThreadPoolExecutor.runWorker(ThreadPoolExecutor.java:1128)
java.base/java.util.concurrent.ThreadPoolExecutor$Worker.run(ThreadPoolExecutor.java:628)
java.base/java.lang.Thread.run(Thread.java:829)

1662487793345 BREAKPOINT: cancel on com.mysql.cj.SimpleQuery@32eef325 with null and com.mysql.cj.CancelQueryTaskImpl@efb7e20 || Stack: 
java.base/java.lang.Thread.getStackTrace(Thread.java:1602)
com.mysql.cj.AbstractQuery.stopQueryTimer(AbstractQuery.java:221)
com.mysql.cj.jdbc.StatementImpl.stopQueryTimer(StatementImpl.java:643)
com.mysql.cj.jdbc.StatementImpl.executeQuery(StatementImpl.java:1182)
org.apache.commons.dbcp2.DelegatingStatement.executeQuery(DelegatingStatement.java:329)
org.apache.commons.dbcp2.DelegatingStatement.executeQuery(DelegatingStatement.java:329)
org.example.db.Dao.count(Dao.java:89)
org.example.Job.run(Job.java:52)
java.base/java.util.concurrent.Executors$RunnableAdapter.call(Executors.java:515)
java.base/java.util.concurrent.FutureTask.run(FutureTask.java:264)
java.base/java.util.concurrent.ScheduledThreadPoolExecutor$ScheduledFutureTask.run(ScheduledThreadPoolExecutor.java:304)
java.base/java.util.concurrent.ThreadPoolExecutor.runWorker(ThreadPoolExecutor.java:1128)
java.base/java.util.concurrent.ThreadPoolExecutor$Worker.run(ThreadPoolExecutor.java:628)
java.base/java.lang.Thread.run(Thread.java:829)

1662487793365 BREAKPOINT: NPE on com.mysql.cj.SimpleQuery@32eef325 with com.mysql.cj.CancelQueryTaskImpl@efb7e20 || Stack: 
java.base/java.lang.Thread.getStackTrace(Thread.java:1602)
com.mysql.cj.AbstractQuery.stopQueryTimer(AbstractQuery.java:228)
com.mysql.cj.jdbc.StatementImpl.stopQueryTimer(StatementImpl.java:643)
com.mysql.cj.jdbc.StatementImpl.executeQuery(StatementImpl.java:1182)
org.apache.commons.dbcp2.DelegatingStatement.executeQuery(DelegatingStatement.java:329)
org.apache.commons.dbcp2.DelegatingStatement.executeQuery(DelegatingStatement.java:329)
org.example.db.Dao.count(Dao.java:89)
org.example.Job.run(Job.java:52)
java.base/java.util.concurrent.Executors$RunnableAdapter.call(Executors.java:515)
java.base/java.util.concurrent.FutureTask.run(FutureTask.java:264)
java.base/java.util.concurrent.ScheduledThreadPoolExecutor$ScheduledFutureTask.run(ScheduledThreadPoolExecutor.java:304)
java.base/java.util.concurrent.ThreadPoolExecutor.runWorker(ThreadPoolExecutor.java:1128)
java.base/java.util.concurrent.ThreadPoolExecutor$Worker.run(ThreadPoolExecutor.java:628)
java.base/java.lang.Thread.run(Thread.java:829)

